#
# There is insufficient memory for the Java Runtime Environment to continue.
# Native memory allocation (malloc) failed to allocate 956400 bytes. Error detail: Chunk::new
# Possible reasons:
#   The system is out of physical RAM or swap space
#   This process is running with CompressedOops enabled, and the Java Heap may be blocking the growth of the native heap
# Possible solutions:
#   Reduce memory load on the system
#   Increase physical memory or swap space
#   Check if swap backing store is full
#   Decrease Java heap size (-Xmx/-Xms)
#   Decrease number of Java threads
#   Decrease Java thread stack sizes (-Xss)
#   Set larger code cache with -XX:ReservedCodeCacheSize=
#   JVM is running with Unscaled Compressed Oops mode in which the Java heap is
#     placed in the first 4GB address space. The Java Heap base address is the
#     maximum limit for the native heap growth. Please use -XX:HeapBaseMinAddress
#     to set the Java Heap base and to place the Java Heap above 4GB virtual address.
# This output file may be truncated or incomplete.
#
#  Out of Memory Error (arena.cpp:168), pid=17536, tid=8452
#
# JRE version: OpenJDK Runtime Environment (21.0.5) (build 21.0.5+-13047016-b750.29)
# Java VM: OpenJDK 64-Bit Server VM (21.0.5+-13047016-b750.29, mixed mode, tiered, compressed oops, compressed class ptrs, g1 gc, windows-amd64)
# No core dump will be written. Minidumps are not enabled by default on client versions of Windows
#

---------------  S U M M A R Y ------------

Command Line: git4idea.http.GitAskPassApp Username for 'https://github.com': 

Host: 11th Gen Intel(R) Core(TM) i5-11320H @ 3.20GHz, 8 cores, 7G,  Windows 11 , 64 bit Build 22621 (10.0.22621.5262)
Time: Thu May 22 16:28:48 2025 SE Asia Standard Time elapsed time: 1.134339 seconds (0d 0h 0m 1s)

---------------  T H R E A D  ---------------

Current thread (0x000002051e826ff0):  JavaThread "C2 CompilerThread1" daemon [_thread_in_native, id=8452, stack(0x00000039a1d00000,0x00000039a1e00000) (1024K)]


Current CompileTask:
C2:1134 1078       4       sun.security.ec.ECOperations::setDouble (463 bytes)

Stack: [0x00000039a1d00000,0x00000039a1e00000]
Native frames: (J=compiled Java code, j=interpreted, Vv=VM code, C=native code)
V  [jvm.dll+0x6cfb29]
V  [jvm.dll+0x85df93]
V  [jvm.dll+0x8604ee]
V  [jvm.dll+0x860bd3]
V  [jvm.dll+0x27e6b6]
V  [jvm.dll+0xbff6d]
V  [jvm.dll+0xc04a3]
V  [jvm.dll+0x3b5ffb]
V  [jvm.dll+0x1de664]
V  [jvm.dll+0x247db4]
V  [jvm.dll+0x247231]
V  [jvm.dll+0x1c5ee4]
V  [jvm.dll+0x25697c]
V  [jvm.dll+0x254ec6]
V  [jvm.dll+0x3f0ce6]
V  [jvm.dll+0x806368]
V  [jvm.dll+0x6ce3fd]
C  [ucrtbase.dll+0x29333]
C  [KERNEL32.DLL+0x1259d]
C  [ntdll.dll+0x5af58]


---------------  P R O C E S S  ---------------

Threads class SMR info:
_java_thread_list=0x000002051e76acb0, length=15, elements={
0x0000020500541df0, 0x000002051e075050, 0x000002051e075e50, 0x000002051e051c30,
0x000002051e052770, 0x000002051e0541d0, 0x000002051e05d370, 0x000002051e05e220,
0x000002051e081a50, 0x000002051e20edb0, 0x000002051e21bba0, 0x000002051e6ee6e0,
0x000002051e77e350, 0x000002051e790370, 0x000002051e826ff0
}

Java Threads: ( => current thread )
  0x0000020500541df0 JavaThread "main"                              [_thread_blocked, id=4328, stack(0x00000039a0700000,0x00000039a0800000) (1024K)]
  0x000002051e075050 JavaThread "Reference Handler"          daemon [_thread_blocked, id=17424, stack(0x00000039a0f00000,0x00000039a1000000) (1024K)]
  0x000002051e075e50 JavaThread "Finalizer"                  daemon [_thread_blocked, id=17220, stack(0x00000039a1000000,0x00000039a1100000) (1024K)]
  0x000002051e051c30 JavaThread "Signal Dispatcher"          daemon [_thread_blocked, id=10460, stack(0x00000039a1100000,0x00000039a1200000) (1024K)]
  0x000002051e052770 JavaThread "Attach Listener"            daemon [_thread_blocked, id=1068, stack(0x00000039a1200000,0x00000039a1300000) (1024K)]
  0x000002051e0541d0 JavaThread "Service Thread"             daemon [_thread_blocked, id=15008, stack(0x00000039a1300000,0x00000039a1400000) (1024K)]
  0x000002051e05d370 JavaThread "Monitor Deflation Thread"   daemon [_thread_blocked, id=112, stack(0x00000039a1400000,0x00000039a1500000) (1024K)]
  0x000002051e05e220 JavaThread "C2 CompilerThread0"         daemon [_thread_blocked, id=11916, stack(0x00000039a1500000,0x00000039a1600000) (1024K)]
  0x000002051e081a50 JavaThread "C1 CompilerThread0"         daemon [_thread_blocked, id=2684, stack(0x00000039a1600000,0x00000039a1700000) (1024K)]
  0x000002051e20edb0 JavaThread "Notification Thread"        daemon [_thread_blocked, id=7928, stack(0x00000039a1700000,0x00000039a1800000) (1024K)]
  0x000002051e21bba0 JavaThread "Common-Cleaner"             daemon [_thread_blocked, id=16284, stack(0x00000039a1800000,0x00000039a1900000) (1024K)]
  0x000002051e6ee6e0 JavaThread "HttpClient-1-SelectorManager" daemon [_thread_in_native, id=1904, stack(0x00000039a1900000,0x00000039a1a00000) (1024K)]
  0x000002051e77e350 JavaThread "HttpClient-1-Worker-0"      daemon [_thread_blocked, id=292, stack(0x00000039a1b00000,0x00000039a1c00000) (1024K)]
  0x000002051e790370 JavaThread "HttpClient-1-Worker-1"      daemon [_thread_blocked, id=8400, stack(0x00000039a1c00000,0x00000039a1d00000) (1024K)]
=>0x000002051e826ff0 JavaThread "C2 CompilerThread1"         daemon [_thread_in_native, id=8452, stack(0x00000039a1d00000,0x00000039a1e00000) (1024K)]
Total: 15

Other Threads:
  0x0000020519c3ea90 VMThread "VM Thread"                           [id=5804, stack(0x00000039a0e00000,0x00000039a0f00000) (1024K)]
  0x0000020519bb0ac0 WatcherThread "VM Periodic Task Thread"        [id=14732, stack(0x00000039a0d00000,0x00000039a0e00000) (1024K)]
  0x00000205026beae0 WorkerThread "GC Thread#0"                     [id=12912, stack(0x00000039a0800000,0x00000039a0900000) (1024K)]
  0x00000205026d0840 ConcurrentGCThread "G1 Main Marker"            [id=5620, stack(0x00000039a0900000,0x00000039a0a00000) (1024K)]
  0x00000205026d1340 WorkerThread "G1 Conc#0"                       [id=7912, stack(0x00000039a0a00000,0x00000039a0b00000) (1024K)]
  0x000002050272e600 ConcurrentGCThread "G1 Refine#0"               [id=17032, stack(0x00000039a0b00000,0x00000039a0c00000) (1024K)]
  0x0000020519a813c0 ConcurrentGCThread "G1 Service"                [id=16192, stack(0x00000039a0c00000,0x00000039a0d00000) (1024K)]
Total: 7

Threads with active compile tasks:
C2 CompilerThread1  1166 1078       4       sun.security.ec.ECOperations::setDouble (463 bytes)
Total: 1

VM state: not at safepoint (normal execution)

VM Mutex/Monitor currently owned by a thread: None

Heap address: 0x0000000084000000, size: 1984 MB, Compressed Oops mode: 32-bit

CDS archive(s) not mapped
Compressed class space mapped at: 0x0000000100000000-0x0000000140000000, reserved size: 1073741824
Narrow klass base: 0x0000000000000000, Narrow klass shift: 3, Narrow klass range: 0x140000000

GC Precious Log:
 CardTable entry size: 512
 Card Set container configuration: InlinePtr #cards 5 size 8 Array Of Cards #cards 12 size 40 Howl #buckets 4 coarsen threshold 1843 Howl Bitmap #cards 512 size 80 coarsen threshold 460 Card regions per heap region 1 cards per card region 2048
 CPUs: 8 total, 8 available
 Memory: 7934M
 Large Page Support: Disabled
 NUMA Support: Disabled
 Compressed Oops: Enabled (32-bit)
 Heap Region Size: 1M
 Heap Min Capacity: 8M
 Heap Initial Capacity: 124M
 Heap Max Capacity: 1984M
 Pre-touch: Disabled
 Parallel Workers: 8
 Concurrent Workers: 2
 Concurrent Refinement Workers: 8
 Periodic GC: Disabled

Heap:
 garbage-first heap   total 126976K, used 14336K [0x0000000084000000, 0x0000000100000000)
  region size 1024K, 15 young (15360K), 0 survivors (0K)
 Metaspace       used 16899K, committed 17152K, reserved 1114112K
  class space    used 1789K, committed 1920K, reserved 1048576K

Heap Regions: E=young(eden), S=young(survivor), O=old, HS=humongous(starts), HC=humongous(continues), CS=collection set, F=free, TAMS=top-at-mark-start, PB=parsable bottom
|   0|0x0000000084000000, 0x0000000084000000, 0x0000000084100000|  0%| F|  |TAMS 0x0000000084000000| PB 0x0000000084000000| Untracked 
|   1|0x0000000084100000, 0x0000000084100000, 0x0000000084200000|  0%| F|  |TAMS 0x0000000084100000| PB 0x0000000084100000| Untracked 
|   2|0x0000000084200000, 0x0000000084200000, 0x0000000084300000|  0%| F|  |TAMS 0x0000000084200000| PB 0x0000000084200000| Untracked 
|   3|0x0000000084300000, 0x0000000084300000, 0x0000000084400000|  0%| F|  |TAMS 0x0000000084300000| PB 0x0000000084300000| Untracked 
|   4|0x0000000084400000, 0x0000000084400000, 0x0000000084500000|  0%| F|  |TAMS 0x0000000084400000| PB 0x0000000084400000| Untracked 
|   5|0x0000000084500000, 0x0000000084500000, 0x0000000084600000|  0%| F|  |TAMS 0x0000000084500000| PB 0x0000000084500000| Untracked 
|   6|0x0000000084600000, 0x0000000084600000, 0x0000000084700000|  0%| F|  |TAMS 0x0000000084600000| PB 0x0000000084600000| Untracked 
|   7|0x0000000084700000, 0x0000000084700000, 0x0000000084800000|  0%| F|  |TAMS 0x0000000084700000| PB 0x0000000084700000| Untracked 
|   8|0x0000000084800000, 0x0000000084800000, 0x0000000084900000|  0%| F|  |TAMS 0x0000000084800000| PB 0x0000000084800000| Untracked 
|   9|0x0000000084900000, 0x0000000084900000, 0x0000000084a00000|  0%| F|  |TAMS 0x0000000084900000| PB 0x0000000084900000| Untracked 
|  10|0x0000000084a00000, 0x0000000084a00000, 0x0000000084b00000|  0%| F|  |TAMS 0x0000000084a00000| PB 0x0000000084a00000| Untracked 
|  11|0x0000000084b00000, 0x0000000084b00000, 0x0000000084c00000|  0%| F|  |TAMS 0x0000000084b00000| PB 0x0000000084b00000| Untracked 
|  12|0x0000000084c00000, 0x0000000084c00000, 0x0000000084d00000|  0%| F|  |TAMS 0x0000000084c00000| PB 0x0000000084c00000| Untracked 
|  13|0x0000000084d00000, 0x0000000084d00000, 0x0000000084e00000|  0%| F|  |TAMS 0x0000000084d00000| PB 0x0000000084d00000| Untracked 
|  14|0x0000000084e00000, 0x0000000084e00000, 0x0000000084f00000|  0%| F|  |TAMS 0x0000000084e00000| PB 0x0000000084e00000| Untracked 
|  15|0x0000000084f00000, 0x0000000084f00000, 0x0000000085000000|  0%| F|  |TAMS 0x0000000084f00000| PB 0x0000000084f00000| Untracked 
|  16|0x0000000085000000, 0x0000000085000000, 0x0000000085100000|  0%| F|  |TAMS 0x0000000085000000| PB 0x0000000085000000| Untracked 
|  17|0x0000000085100000, 0x0000000085100000, 0x0000000085200000|  0%| F|  |TAMS 0x0000000085100000| PB 0x0000000085100000| Untracked 
|  18|0x0000000085200000, 0x0000000085200000, 0x0000000085300000|  0%| F|  |TAMS 0x0000000085200000| PB 0x0000000085200000| Untracked 
|  19|0x0000000085300000, 0x0000000085300000, 0x0000000085400000|  0%| F|  |TAMS 0x0000000085300000| PB 0x0000000085300000| Untracked 
|  20|0x0000000085400000, 0x0000000085400000, 0x0000000085500000|  0%| F|  |TAMS 0x0000000085400000| PB 0x0000000085400000| Untracked 
|  21|0x0000000085500000, 0x0000000085500000, 0x0000000085600000|  0%| F|  |TAMS 0x0000000085500000| PB 0x0000000085500000| Untracked 
|  22|0x0000000085600000, 0x0000000085600000, 0x0000000085700000|  0%| F|  |TAMS 0x0000000085600000| PB 0x0000000085600000| Untracked 
|  23|0x0000000085700000, 0x0000000085700000, 0x0000000085800000|  0%| F|  |TAMS 0x0000000085700000| PB 0x0000000085700000| Untracked 
|  24|0x0000000085800000, 0x0000000085800000, 0x0000000085900000|  0%| F|  |TAMS 0x0000000085800000| PB 0x0000000085800000| Untracked 
|  25|0x0000000085900000, 0x0000000085900000, 0x0000000085a00000|  0%| F|  |TAMS 0x0000000085900000| PB 0x0000000085900000| Untracked 
|  26|0x0000000085a00000, 0x0000000085a00000, 0x0000000085b00000|  0%| F|  |TAMS 0x0000000085a00000| PB 0x0000000085a00000| Untracked 
|  27|0x0000000085b00000, 0x0000000085b00000, 0x0000000085c00000|  0%| F|  |TAMS 0x0000000085b00000| PB 0x0000000085b00000| Untracked 
|  28|0x0000000085c00000, 0x0000000085c00000, 0x0000000085d00000|  0%| F|  |TAMS 0x0000000085c00000| PB 0x0000000085c00000| Untracked 
|  29|0x0000000085d00000, 0x0000000085d00000, 0x0000000085e00000|  0%| F|  |TAMS 0x0000000085d00000| PB 0x0000000085d00000| Untracked 
|  30|0x0000000085e00000, 0x0000000085e00000, 0x0000000085f00000|  0%| F|  |TAMS 0x0000000085e00000| PB 0x0000000085e00000| Untracked 
|  31|0x0000000085f00000, 0x0000000085f00000, 0x0000000086000000|  0%| F|  |TAMS 0x0000000085f00000| PB 0x0000000085f00000| Untracked 
|  32|0x0000000086000000, 0x0000000086000000, 0x0000000086100000|  0%| F|  |TAMS 0x0000000086000000| PB 0x0000000086000000| Untracked 
|  33|0x0000000086100000, 0x0000000086100000, 0x0000000086200000|  0%| F|  |TAMS 0x0000000086100000| PB 0x0000000086100000| Untracked 
|  34|0x0000000086200000, 0x0000000086200000, 0x0000000086300000|  0%| F|  |TAMS 0x0000000086200000| PB 0x0000000086200000| Untracked 
|  35|0x0000000086300000, 0x0000000086300000, 0x0000000086400000|  0%| F|  |TAMS 0x0000000086300000| PB 0x0000000086300000| Untracked 
|  36|0x0000000086400000, 0x0000000086400000, 0x0000000086500000|  0%| F|  |TAMS 0x0000000086400000| PB 0x0000000086400000| Untracked 
|  37|0x0000000086500000, 0x0000000086500000, 0x0000000086600000|  0%| F|  |TAMS 0x0000000086500000| PB 0x0000000086500000| Untracked 
|  38|0x0000000086600000, 0x0000000086600000, 0x0000000086700000|  0%| F|  |TAMS 0x0000000086600000| PB 0x0000000086600000| Untracked 
|  39|0x0000000086700000, 0x0000000086700000, 0x0000000086800000|  0%| F|  |TAMS 0x0000000086700000| PB 0x0000000086700000| Untracked 
|  40|0x0000000086800000, 0x0000000086800000, 0x0000000086900000|  0%| F|  |TAMS 0x0000000086800000| PB 0x0000000086800000| Untracked 
|  41|0x0000000086900000, 0x0000000086900000, 0x0000000086a00000|  0%| F|  |TAMS 0x0000000086900000| PB 0x0000000086900000| Untracked 
|  42|0x0000000086a00000, 0x0000000086a00000, 0x0000000086b00000|  0%| F|  |TAMS 0x0000000086a00000| PB 0x0000000086a00000| Untracked 
|  43|0x0000000086b00000, 0x0000000086b00000, 0x0000000086c00000|  0%| F|  |TAMS 0x0000000086b00000| PB 0x0000000086b00000| Untracked 
|  44|0x0000000086c00000, 0x0000000086c00000, 0x0000000086d00000|  0%| F|  |TAMS 0x0000000086c00000| PB 0x0000000086c00000| Untracked 
|  45|0x0000000086d00000, 0x0000000086d00000, 0x0000000086e00000|  0%| F|  |TAMS 0x0000000086d00000| PB 0x0000000086d00000| Untracked 
|  46|0x0000000086e00000, 0x0000000086e00000, 0x0000000086f00000|  0%| F|  |TAMS 0x0000000086e00000| PB 0x0000000086e00000| Untracked 
|  47|0x0000000086f00000, 0x0000000086f00000, 0x0000000087000000|  0%| F|  |TAMS 0x0000000086f00000| PB 0x0000000086f00000| Untracked 
|  48|0x0000000087000000, 0x0000000087000000, 0x0000000087100000|  0%| F|  |TAMS 0x0000000087000000| PB 0x0000000087000000| Untracked 
|  49|0x0000000087100000, 0x0000000087100000, 0x0000000087200000|  0%| F|  |TAMS 0x0000000087100000| PB 0x0000000087100000| Untracked 
|  50|0x0000000087200000, 0x0000000087200000, 0x0000000087300000|  0%| F|  |TAMS 0x0000000087200000| PB 0x0000000087200000| Untracked 
|  51|0x0000000087300000, 0x0000000087300000, 0x0000000087400000|  0%| F|  |TAMS 0x0000000087300000| PB 0x0000000087300000| Untracked 
|  52|0x0000000087400000, 0x0000000087400000, 0x0000000087500000|  0%| F|  |TAMS 0x0000000087400000| PB 0x0000000087400000| Untracked 
|  53|0x0000000087500000, 0x0000000087500000, 0x0000000087600000|  0%| F|  |TAMS 0x0000000087500000| PB 0x0000000087500000| Untracked 
|  54|0x0000000087600000, 0x0000000087600000, 0x0000000087700000|  0%| F|  |TAMS 0x0000000087600000| PB 0x0000000087600000| Untracked 
|  55|0x0000000087700000, 0x0000000087700000, 0x0000000087800000|  0%| F|  |TAMS 0x0000000087700000| PB 0x0000000087700000| Untracked 
|  56|0x0000000087800000, 0x0000000087800000, 0x0000000087900000|  0%| F|  |TAMS 0x0000000087800000| PB 0x0000000087800000| Untracked 
|  57|0x0000000087900000, 0x0000000087900000, 0x0000000087a00000|  0%| F|  |TAMS 0x0000000087900000| PB 0x0000000087900000| Untracked 
|  58|0x0000000087a00000, 0x0000000087a00000, 0x0000000087b00000|  0%| F|  |TAMS 0x0000000087a00000| PB 0x0000000087a00000| Untracked 
|  59|0x0000000087b00000, 0x0000000087b00000, 0x0000000087c00000|  0%| F|  |TAMS 0x0000000087b00000| PB 0x0000000087b00000| Untracked 
|  60|0x0000000087c00000, 0x0000000087c00000, 0x0000000087d00000|  0%| F|  |TAMS 0x0000000087c00000| PB 0x0000000087c00000| Untracked 
|  61|0x0000000087d00000, 0x0000000087d00000, 0x0000000087e00000|  0%| F|  |TAMS 0x0000000087d00000| PB 0x0000000087d00000| Untracked 
|  62|0x0000000087e00000, 0x0000000087e00000, 0x0000000087f00000|  0%| F|  |TAMS 0x0000000087e00000| PB 0x0000000087e00000| Untracked 
|  63|0x0000000087f00000, 0x0000000087f00000, 0x0000000088000000|  0%| F|  |TAMS 0x0000000087f00000| PB 0x0000000087f00000| Untracked 
|  64|0x0000000088000000, 0x0000000088000000, 0x0000000088100000|  0%| F|  |TAMS 0x0000000088000000| PB 0x0000000088000000| Untracked 
|  65|0x0000000088100000, 0x0000000088100000, 0x0000000088200000|  0%| F|  |TAMS 0x0000000088100000| PB 0x0000000088100000| Untracked 
|  66|0x0000000088200000, 0x0000000088200000, 0x0000000088300000|  0%| F|  |TAMS 0x0000000088200000| PB 0x0000000088200000| Untracked 
|  67|0x0000000088300000, 0x0000000088300000, 0x0000000088400000|  0%| F|  |TAMS 0x0000000088300000| PB 0x0000000088300000| Untracked 
|  68|0x0000000088400000, 0x0000000088400000, 0x0000000088500000|  0%| F|  |TAMS 0x0000000088400000| PB 0x0000000088400000| Untracked 
|  69|0x0000000088500000, 0x0000000088500000, 0x0000000088600000|  0%| F|  |TAMS 0x0000000088500000| PB 0x0000000088500000| Untracked 
|  70|0x0000000088600000, 0x0000000088600000, 0x0000000088700000|  0%| F|  |TAMS 0x0000000088600000| PB 0x0000000088600000| Untracked 
|  71|0x0000000088700000, 0x0000000088700000, 0x0000000088800000|  0%| F|  |TAMS 0x0000000088700000| PB 0x0000000088700000| Untracked 
|  72|0x0000000088800000, 0x0000000088800000, 0x0000000088900000|  0%| F|  |TAMS 0x0000000088800000| PB 0x0000000088800000| Untracked 
|  73|0x0000000088900000, 0x0000000088900000, 0x0000000088a00000|  0%| F|  |TAMS 0x0000000088900000| PB 0x0000000088900000| Untracked 
|  74|0x0000000088a00000, 0x0000000088a00000, 0x0000000088b00000|  0%| F|  |TAMS 0x0000000088a00000| PB 0x0000000088a00000| Untracked 
|  75|0x0000000088b00000, 0x0000000088b00000, 0x0000000088c00000|  0%| F|  |TAMS 0x0000000088b00000| PB 0x0000000088b00000| Untracked 
|  76|0x0000000088c00000, 0x0000000088c00000, 0x0000000088d00000|  0%| F|  |TAMS 0x0000000088c00000| PB 0x0000000088c00000| Untracked 
|  77|0x0000000088d00000, 0x0000000088d00000, 0x0000000088e00000|  0%| F|  |TAMS 0x0000000088d00000| PB 0x0000000088d00000| Untracked 
|  78|0x0000000088e00000, 0x0000000088e00000, 0x0000000088f00000|  0%| F|  |TAMS 0x0000000088e00000| PB 0x0000000088e00000| Untracked 
|  79|0x0000000088f00000, 0x0000000088f00000, 0x0000000089000000|  0%| F|  |TAMS 0x0000000088f00000| PB 0x0000000088f00000| Untracked 
|  80|0x0000000089000000, 0x0000000089000000, 0x0000000089100000|  0%| F|  |TAMS 0x0000000089000000| PB 0x0000000089000000| Untracked 
|  81|0x0000000089100000, 0x0000000089100000, 0x0000000089200000|  0%| F|  |TAMS 0x0000000089100000| PB 0x0000000089100000| Untracked 
|  82|0x0000000089200000, 0x0000000089200000, 0x0000000089300000|  0%| F|  |TAMS 0x0000000089200000| PB 0x0000000089200000| Untracked 
|  83|0x0000000089300000, 0x0000000089300000, 0x0000000089400000|  0%| F|  |TAMS 0x0000000089300000| PB 0x0000000089300000| Untracked 
|  84|0x0000000089400000, 0x0000000089400000, 0x0000000089500000|  0%| F|  |TAMS 0x0000000089400000| PB 0x0000000089400000| Untracked 
|  85|0x0000000089500000, 0x0000000089500000, 0x0000000089600000|  0%| F|  |TAMS 0x0000000089500000| PB 0x0000000089500000| Untracked 
|  86|0x0000000089600000, 0x0000000089600000, 0x0000000089700000|  0%| F|  |TAMS 0x0000000089600000| PB 0x0000000089600000| Untracked 
|  87|0x0000000089700000, 0x0000000089700000, 0x0000000089800000|  0%| F|  |TAMS 0x0000000089700000| PB 0x0000000089700000| Untracked 
|  88|0x0000000089800000, 0x0000000089800000, 0x0000000089900000|  0%| F|  |TAMS 0x0000000089800000| PB 0x0000000089800000| Untracked 
|  89|0x0000000089900000, 0x0000000089900000, 0x0000000089a00000|  0%| F|  |TAMS 0x0000000089900000| PB 0x0000000089900000| Untracked 
|  90|0x0000000089a00000, 0x0000000089a00000, 0x0000000089b00000|  0%| F|  |TAMS 0x0000000089a00000| PB 0x0000000089a00000| Untracked 
|  91|0x0000000089b00000, 0x0000000089b00000, 0x0000000089c00000|  0%| F|  |TAMS 0x0000000089b00000| PB 0x0000000089b00000| Untracked 
|  92|0x0000000089c00000, 0x0000000089c00000, 0x0000000089d00000|  0%| F|  |TAMS 0x0000000089c00000| PB 0x0000000089c00000| Untracked 
|  93|0x0000000089d00000, 0x0000000089d00000, 0x0000000089e00000|  0%| F|  |TAMS 0x0000000089d00000| PB 0x0000000089d00000| Untracked 
|  94|0x0000000089e00000, 0x0000000089e00000, 0x0000000089f00000|  0%| F|  |TAMS 0x0000000089e00000| PB 0x0000000089e00000| Untracked 
|  95|0x0000000089f00000, 0x0000000089f00000, 0x000000008a000000|  0%| F|  |TAMS 0x0000000089f00000| PB 0x0000000089f00000| Untracked 
|  96|0x000000008a000000, 0x000000008a000000, 0x000000008a100000|  0%| F|  |TAMS 0x000000008a000000| PB 0x000000008a000000| Untracked 
|  97|0x000000008a100000, 0x000000008a100000, 0x000000008a200000|  0%| F|  |TAMS 0x000000008a100000| PB 0x000000008a100000| Untracked 
|  98|0x000000008a200000, 0x000000008a200000, 0x000000008a300000|  0%| F|  |TAMS 0x000000008a200000| PB 0x000000008a200000| Untracked 
|  99|0x000000008a300000, 0x000000008a300000, 0x000000008a400000|  0%| F|  |TAMS 0x000000008a300000| PB 0x000000008a300000| Untracked 
| 100|0x000000008a400000, 0x000000008a400000, 0x000000008a500000|  0%| F|  |TAMS 0x000000008a400000| PB 0x000000008a400000| Untracked 
| 101|0x000000008a500000, 0x000000008a500000, 0x000000008a600000|  0%| F|  |TAMS 0x000000008a500000| PB 0x000000008a500000| Untracked 
| 102|0x000000008a600000, 0x000000008a600000, 0x000000008a700000|  0%| F|  |TAMS 0x000000008a600000| PB 0x000000008a600000| Untracked 
| 103|0x000000008a700000, 0x000000008a700000, 0x000000008a800000|  0%| F|  |TAMS 0x000000008a700000| PB 0x000000008a700000| Untracked 
| 104|0x000000008a800000, 0x000000008a800000, 0x000000008a900000|  0%| F|  |TAMS 0x000000008a800000| PB 0x000000008a800000| Untracked 
| 105|0x000000008a900000, 0x000000008a900000, 0x000000008aa00000|  0%| F|  |TAMS 0x000000008a900000| PB 0x000000008a900000| Untracked 
| 106|0x000000008aa00000, 0x000000008aa00000, 0x000000008ab00000|  0%| F|  |TAMS 0x000000008aa00000| PB 0x000000008aa00000| Untracked 
| 107|0x000000008ab00000, 0x000000008ab00000, 0x000000008ac00000|  0%| F|  |TAMS 0x000000008ab00000| PB 0x000000008ab00000| Untracked 
| 108|0x000000008ac00000, 0x000000008ac00000, 0x000000008ad00000|  0%| F|  |TAMS 0x000000008ac00000| PB 0x000000008ac00000| Untracked 
| 109|0x000000008ad00000, 0x000000008adebd50, 0x000000008ae00000| 92%| E|  |TAMS 0x000000008ad00000| PB 0x000000008ad00000| Complete 
| 110|0x000000008ae00000, 0x000000008af00000, 0x000000008af00000|100%| E|CS|TAMS 0x000000008ae00000| PB 0x000000008ae00000| Complete 
| 111|0x000000008af00000, 0x000000008b000000, 0x000000008b000000|100%| E|CS|TAMS 0x000000008af00000| PB 0x000000008af00000| Complete 
| 112|0x000000008b000000, 0x000000008b100000, 0x000000008b100000|100%| E|CS|TAMS 0x000000008b000000| PB 0x000000008b000000| Complete 
| 113|0x000000008b100000, 0x000000008b200000, 0x000000008b200000|100%| E|CS|TAMS 0x000000008b100000| PB 0x000000008b100000| Complete 
| 114|0x000000008b200000, 0x000000008b300000, 0x000000008b300000|100%| E|CS|TAMS 0x000000008b200000| PB 0x000000008b200000| Complete 
| 115|0x000000008b300000, 0x000000008b400000, 0x000000008b400000|100%| E|CS|TAMS 0x000000008b300000| PB 0x000000008b300000| Complete 
| 116|0x000000008b400000, 0x000000008b500000, 0x000000008b500000|100%| E|CS|TAMS 0x000000008b400000| PB 0x000000008b400000| Complete 
| 117|0x000000008b500000, 0x000000008b600000, 0x000000008b600000|100%| E|CS|TAMS 0x000000008b500000| PB 0x000000008b500000| Complete 
| 118|0x000000008b600000, 0x000000008b700000, 0x000000008b700000|100%| E|CS|TAMS 0x000000008b600000| PB 0x000000008b600000| Complete 
| 119|0x000000008b700000, 0x000000008b800000, 0x000000008b800000|100%| E|CS|TAMS 0x000000008b700000| PB 0x000000008b700000| Complete 
| 120|0x000000008b800000, 0x000000008b900000, 0x000000008b900000|100%| E|CS|TAMS 0x000000008b800000| PB 0x000000008b800000| Complete 
| 121|0x000000008b900000, 0x000000008ba00000, 0x000000008ba00000|100%| E|CS|TAMS 0x000000008b900000| PB 0x000000008b900000| Complete 
| 122|0x000000008ba00000, 0x000000008bb00000, 0x000000008bb00000|100%| E|CS|TAMS 0x000000008ba00000| PB 0x000000008ba00000| Complete 
| 123|0x000000008bb00000, 0x000000008bc00000, 0x000000008bc00000|100%| E|CS|TAMS 0x000000008bb00000| PB 0x000000008bb00000| Complete 

Card table byte_map: [0x0000020514ed0000,0x00000205152b0000] _byte_map_base: 0x0000020514ab0000

Marking Bits: (CMBitMap*) 0x00000205026c05f0
 Bits: [0x00000205152b0000, 0x00000205171b0000)

Polling page: 0x0000020500610000

Metaspace:

Usage:
  Non-class:     14.76 MB used.
      Class:      1.75 MB used.
       Both:     16.50 MB used.

Virtual space:
  Non-class space:       64.00 MB reserved,      14.88 MB ( 23%) committed,  1 nodes.
      Class space:        1.00 GB reserved,       1.88 MB ( <1%) committed,  1 nodes.
             Both:        1.06 GB reserved,      16.75 MB (  2%) committed. 

Chunk freelists:
   Non-Class:  784.00 KB
       Class:  14.14 MB
        Both:  14.90 MB

MaxMetaspaceSize: unlimited
CompressedClassSpaceSize: 1.00 GB
Initial GC threshold: 21.00 MB
Current GC threshold: 21.00 MB
CDS: off
 - commit_granule_bytes: 65536.
 - commit_granule_words: 8192.
 - virtual_space_node_default_size: 8388608.
 - enlarge_chunks_in_place: 1.
 - use_allocation_guard: 0.


Internal statistics:

num_allocs_failed_limit: 0.
num_arena_births: 244.
num_arena_deaths: 0.
num_vsnodes_births: 2.
num_vsnodes_deaths: 0.
num_space_committed: 268.
num_space_uncommitted: 0.
num_chunks_returned_to_freelist: 0.
num_chunks_taken_from_freelist: 438.
num_chunk_merges: 0.
num_chunk_splits: 235.
num_chunks_enlarged: 104.
num_inconsistent_stats: 0.

CodeHeap 'non-profiled nmethods': size=120000Kb used=399Kb max_used=399Kb free=119601Kb
 bounds [0x000002050d290000, 0x000002050d500000, 0x00000205147c0000]
CodeHeap 'profiled nmethods': size=120000Kb used=1864Kb max_used=1864Kb free=118135Kb
 bounds [0x00000205057c0000, 0x0000020505a30000, 0x000002050ccf0000]
CodeHeap 'non-nmethods': size=5760Kb used=1550Kb max_used=1568Kb free=4209Kb
 bounds [0x000002050ccf0000, 0x000002050cf60000, 0x000002050d290000]
 total_blobs=1683 nmethods=1168 adapters=420
 compilation: enabled
              stopped_count=0, restarted_count=0
 full_count=0

Compilation events (20 events):
Event: 1.058 Thread 0x000002051e05e220 1160       4       java.lang.AbstractStringBuilder::append (45 bytes)
Event: 1.059 Thread 0x000002051e081a50 1161   !   3       java.lang.invoke.MethodHandleNatives::linkMethodHandleConstant (50 bytes)
Event: 1.059 Thread 0x000002051e081a50 nmethod 1161 0x000002050598d490 code [0x000002050598d660, 0x000002050598d868]
Event: 1.059 Thread 0x000002051e081a50 1162       3       java.lang.invoke.MethodHandles$Lookup::linkMethodHandleConstant (223 bytes)
Event: 1.060 Thread 0x000002051e081a50 nmethod 1162 0x000002050598da10 code [0x000002050598de00, 0x000002050598f550]
Event: 1.060 Thread 0x000002051e081a50 1163       3       java.lang.invoke.MemberName$Factory::resolveOrNull (54 bytes)
Event: 1.061 Thread 0x000002051e081a50 nmethod 1163 0x000002050598fd10 code [0x000002050598fee0, 0x0000020505990178]
Event: 1.064 Thread 0x000002051e081a50 1164   !   3       jdk.internal.misc.ScopedMemoryAccess::copyMemory (27 bytes)
Event: 1.065 Thread 0x000002051e081a50 nmethod 1164 0x0000020505990290 code [0x00000205059904a0, 0x0000020505990aa8]
Event: 1.065 Thread 0x000002051e081a50 1166       3       java.util.concurrent.locks.ReentrantLock::unlock (10 bytes)
Event: 1.065 Thread 0x000002051e081a50 nmethod 1166 0x0000020505990e90 code [0x0000020505991060, 0x0000020505991330]
Event: 1.065 Thread 0x000002051e081a50 1165   !   3       jdk.internal.misc.ScopedMemoryAccess::copyMemoryInternal (56 bytes)
Event: 1.065 Thread 0x000002051e081a50 nmethod 1165 0x0000020505991410 code [0x0000020505991600, 0x0000020505991b20]
Event: 1.068 Thread 0x000002051e05e220 nmethod 1160 0x000002050d2f2810 code [0x000002050d2f29e0, 0x000002050d2f3200]
Event: 1.071 Thread 0x000002051e081a50 1167       1       java.util.concurrent.atomic.AtomicInteger::get (5 bytes)
Event: 1.071 Thread 0x000002051e081a50 nmethod 1167 0x000002050d2f3610 code [0x000002050d2f37a0, 0x000002050d2f3868]
Event: 1.073 Thread 0x000002051e081a50 1168       3       java.nio.ByteBuffer::hasArray (20 bytes)
Event: 1.073 Thread 0x000002051e081a50 nmethod 1168 0x0000020505991e10 code [0x0000020505991fc0, 0x0000020505992158]
Event: 1.075 Thread 0x000002051e081a50 1169       1       sun.security.provider.DigestBase::engineGetDigestLength (5 bytes)
Event: 1.076 Thread 0x000002051e081a50 nmethod 1169 0x000002050d2f3910 code [0x000002050d2f3aa0, 0x000002050d2f3b68]

GC Heap History (0 events):
No events

Dll operation events (2 events):
Event: 0.008 Loaded shared library E:\android studio\jbr\bin\java.dll
Event: 0.029 Loaded shared library E:\android studio\jbr\bin\zip.dll

Deoptimization events (20 events):
Event: 0.975 Thread 0x000002051e77e350 Uncommon trap: trap_request=0xffffff66 fr.pc=0x000002050d2e87c0 relative=0x0000000000000260
Event: 0.975 Thread 0x000002051e77e350 Uncommon trap: reason=speculate_class_check action=maybe_recompile pc=0x000002050d2e87c0 method=sun.security.util.math.intpoly.IntegerPolynomial.multByInt([JJ)V @ 26 c2
Event: 0.975 Thread 0x000002051e77e350 DEOPT PACKING pc=0x000002050d2e87c0 sp=0x00000039a1bfe210
Event: 0.975 Thread 0x000002051e77e350 DEOPT UNPACKING pc=0x000002050cd47da2 sp=0x00000039a1bfe150 mode 2
Event: 0.975 Thread 0x000002051e77e350 Uncommon trap: trap_request=0xffffffde fr.pc=0x000002050d2e3904 relative=0x00000000000001c4
Event: 0.975 Thread 0x000002051e77e350 Uncommon trap: reason=class_check action=maybe_recompile pc=0x000002050d2e3904 method=sun.security.util.math.intpoly.IntegerPolynomial.multByInt([JJ)V @ 26 c2
Event: 0.975 Thread 0x000002051e77e350 DEOPT PACKING pc=0x000002050d2e3904 sp=0x00000039a1bfe180
Event: 0.975 Thread 0x000002051e77e350 DEOPT UNPACKING pc=0x000002050cd47da2 sp=0x00000039a1bfe150 mode 2
Event: 0.975 Thread 0x000002051e77e350 Uncommon trap: trap_request=0xffffffde fr.pc=0x000002050d2e3904 relative=0x00000000000001c4
Event: 0.975 Thread 0x000002051e77e350 Uncommon trap: reason=class_check action=maybe_recompile pc=0x000002050d2e3904 method=sun.security.util.math.intpoly.IntegerPolynomial.multByInt([JJ)V @ 26 c2
Event: 0.975 Thread 0x000002051e77e350 DEOPT PACKING pc=0x000002050d2e3904 sp=0x00000039a1bfe180
Event: 0.975 Thread 0x000002051e77e350 DEOPT UNPACKING pc=0x000002050cd47da2 sp=0x00000039a1bfe150 mode 2
Event: 0.975 Thread 0x000002051e77e350 Uncommon trap: trap_request=0xffffffde fr.pc=0x000002050d2e3904 relative=0x00000000000001c4
Event: 0.975 Thread 0x000002051e77e350 Uncommon trap: reason=class_check action=maybe_recompile pc=0x000002050d2e3904 method=sun.security.util.math.intpoly.IntegerPolynomial.multByInt([JJ)V @ 26 c2
Event: 0.975 Thread 0x000002051e77e350 DEOPT PACKING pc=0x000002050d2e3904 sp=0x00000039a1bfe180
Event: 0.975 Thread 0x000002051e77e350 DEOPT UNPACKING pc=0x000002050cd47da2 sp=0x00000039a1bfe150 mode 2
Event: 0.975 Thread 0x000002051e77e350 Uncommon trap: trap_request=0xffffffde fr.pc=0x000002050d2e3904 relative=0x00000000000001c4
Event: 0.975 Thread 0x000002051e77e350 Uncommon trap: reason=class_check action=maybe_recompile pc=0x000002050d2e3904 method=sun.security.util.math.intpoly.IntegerPolynomial.multByInt([JJ)V @ 26 c2
Event: 0.975 Thread 0x000002051e77e350 DEOPT PACKING pc=0x000002050d2e3904 sp=0x00000039a1bfe180
Event: 0.975 Thread 0x000002051e77e350 DEOPT UNPACKING pc=0x000002050cd47da2 sp=0x00000039a1bfe150 mode 2

Classes loaded (20 events):
Event: 1.024 Loading class jdk/internal/event/TLSHandshakeEvent
Event: 1.024 Loading class jdk/internal/event/TLSHandshakeEvent done
Event: 1.024 Loading class com/sun/crypto/provider/GaloisCounterMode$GCMEncrypt
Event: 1.024 Loading class com/sun/crypto/provider/GaloisCounterMode$GCMEncrypt done
Event: 1.024 Loading class com/sun/crypto/provider/GaloisCounterMode$EncryptOp
Event: 1.024 Loading class com/sun/crypto/provider/GaloisCounterMode$EncryptOp done
Event: 1.024 Loading class sun/security/ssl/CipherSuite$1
Event: 1.025 Loading class sun/security/ssl/CipherSuite$1 done
Event: 1.026 Loading class java/util/concurrent/CompletionException
Event: 1.026 Loading class java/util/concurrent/CompletionException done
Event: 1.049 Loading class java/util/Collections$UnmodifiableMap$UnmodifiableEntrySet
Event: 1.049 Loading class java/util/Collections$UnmodifiableMap$UnmodifiableEntrySet done
Event: 1.049 Loading class java/util/Collections$UnmodifiableMap$UnmodifiableEntrySet$1
Event: 1.049 Loading class java/util/Collections$UnmodifiableMap$UnmodifiableEntrySet$1 done
Event: 1.050 Loading class java/util/Collections$UnmodifiableMap$UnmodifiableEntrySet$UnmodifiableEntry
Event: 1.050 Loading class java/util/Collections$UnmodifiableMap$UnmodifiableEntrySet$UnmodifiableEntry done
Event: 1.074 Loading class sun/security/ssl/NewSessionTicket$T13NewSessionTicketMessage
Event: 1.074 Loading class sun/security/ssl/NewSessionTicket$NewSessionTicketMessage
Event: 1.074 Loading class sun/security/ssl/NewSessionTicket$NewSessionTicketMessage done
Event: 1.074 Loading class sun/security/ssl/NewSessionTicket$T13NewSessionTicketMessage done

Classes unloaded (0 events):
No events

Classes redefined (0 events):
No events

Internal exceptions (20 events):
Event: 0.547 Thread 0x0000020500541df0 Exception <a 'java/lang/NoSuchMethodError'{0x000000008b6fe750}: 'int java.lang.invoke.DirectMethodHandle$Holder.invokeStaticInit(java.lang.Object, long, long)'> (0x000000008b6fe750) 
thrown [s\src\hotspot\share\interpreter\linkResolver.cpp, line 784]
Event: 0.552 Thread 0x0000020500541df0 Exception <a 'java/lang/NoSuchMethodError'{0x000000008b505500}: 'int java.lang.invoke.DirectMethodHandle$Holder.invokeStaticInit(java.lang.Object, float, float)'> (0x000000008b505500) 
thrown [s\src\hotspot\share\interpreter\linkResolver.cpp, line 784]
Event: 0.553 Thread 0x0000020500541df0 Exception <a 'java/lang/NoSuchMethodError'{0x000000008b50c0b8}: 'int java.lang.invoke.DirectMethodHandle$Holder.invokeStaticInit(java.lang.Object, double, double)'> (0x000000008b50c0b8) 
thrown [s\src\hotspot\share\interpreter\linkResolver.cpp, line 784]
Event: 0.554 Thread 0x0000020500541df0 Exception <a 'java/lang/NoSuchMethodError'{0x000000008b510740}: 'int java.lang.invoke.DirectMethodHandle$Holder.invokeStatic(java.lang.Object, long)'> (0x000000008b510740) 
thrown [s\src\hotspot\share\interpreter\linkResolver.cpp, line 784]
Event: 0.561 Thread 0x0000020500541df0 Exception <a 'java/lang/NoSuchMethodError'{0x000000008b53d520}: 'java.lang.Object java.lang.invoke.DelegatingMethodHandle$Holder.delegate(java.lang.Object, int, java.lang.Object, java.lang.Object)'> (0x000000008b53d520) 
thrown [s\src\hotspot\share\interpreter\linkResolver.cpp, line 784]
Event: 0.569 Thread 0x0000020500541df0 Exception <a 'java/lang/NoSuchMethodError'{0x000000008b54c840}: 'int java.lang.invoke.Invokers$Holder.linkToTargetMethod(java.lang.Object, java.lang.Object, java.lang.Object)'> (0x000000008b54c840) 
thrown [s\src\hotspot\share\interpreter\linkResolver.cpp, line 784]
Event: 0.584 Thread 0x0000020500541df0 Exception <a 'java/lang/NoSuchMethodError'{0x000000008b57c308}: 'long java.lang.invoke.DirectMethodHandle$Holder.invokeSpecial(java.lang.Object, java.lang.Object)'> (0x000000008b57c308) 
thrown [s\src\hotspot\share\interpreter\linkResolver.cpp, line 784]
Event: 0.586 Thread 0x0000020500541df0 Exception <a 'java/lang/NoSuchMethodError'{0x000000008b582bd8}: 'int java.lang.invoke.DirectMethodHandle$Holder.invokeStatic(java.lang.Object, java.lang.Object, java.lang.Object, java.lang.Object)'> (0x000000008b582bd8) 
thrown [s\src\hotspot\share\interpreter\linkResolver.cpp, line 784]
Event: 0.586 Thread 0x0000020500541df0 Exception <a 'java/lang/NoSuchMethodError'{0x000000008b585ff8}: 'java.lang.Object java.lang.invoke.Invokers$Holder.invokeExact_MT(java.lang.Object, java.lang.Object, java.lang.Object, java.lang.Object, java.lang.Object, java.lang.Object)'> (0x000000008b585ff8) 
thrown [s\src\hotspot\share\interpreter\linkResolver.cpp, line 784]
Event: 0.704 Thread 0x0000020500541df0 Exception <a 'java/lang/NoSuchMethodError'{0x000000008b30ff48}: 'java.lang.Object java.lang.invoke.DirectMethodHandle$Holder.newInvokeSpecial(java.lang.Object, java.lang.Object, java.lang.Object, java.lang.Object, java.lang.Object)'> (0x000000008b30ff48) 
thrown [s\src\hotspot\share\interpreter\linkResolver.cpp, line 784]
Event: 0.739 Thread 0x0000020500541df0 Exception <a 'java/lang/NoSuchMethodError'{0x000000008b26c130}: 'java.lang.Object java.lang.invoke.DirectMethodHandle$Holder.invokeSpecial(java.lang.Object, java.lang.Object, java.lang.Object, java.lang.Object, int)'> (0x000000008b26c130) 
thrown [s\src\hotspot\share\interpreter\linkResolver.cpp, line 784]
Event: 0.739 Thread 0x0000020500541df0 Exception <a 'java/lang/NoSuchMethodError'{0x000000008b26fa98}: 'java.lang.Object java.lang.invoke.Invokers$Holder.linkToTargetMethod(java.lang.Object, java.lang.Object, int, java.lang.Object)'> (0x000000008b26fa98) 
thrown [s\src\hotspot\share\interpreter\linkResolver.cpp, line 784]
Event: 0.748 Thread 0x0000020500541df0 Exception <a 'java/lang/NoSuchMethodError'{0x000000008b29ad50}: 'void java.lang.invoke.DirectMethodHandle$Holder.invokeSpecial(java.lang.Object, java.lang.Object, java.lang.Object)'> (0x000000008b29ad50) 
thrown [s\src\hotspot\share\interpreter\linkResolver.cpp, line 784]
Event: 0.761 Thread 0x000002051e6ee6e0 Exception <a 'java/lang/NoSuchMethodError'{0x000000008b17f8c0}: 'void java.lang.invoke.DirectMethodHandle$Holder.invokeStatic(java.lang.Object, java.lang.Object, int)'> (0x000000008b17f8c0) 
thrown [s\src\hotspot\share\interpreter\linkResolver.cpp, line 784]
Event: 0.762 Thread 0x0000020500541df0 Exception <a 'java/lang/NoSuchMethodError'{0x000000008b120b48}: 'void java.lang.invoke.DirectMethodHandle$Holder.invokeSpecial(java.lang.Object, java.lang.Object, java.lang.Object, java.lang.Object, java.lang.Object)'> (0x000000008b120b48) 
thrown [s\src\hotspot\share\interpreter\linkResolver.cpp, line 784]
Event: 0.770 Thread 0x000002051e6ee6e0 Exception <a 'java/lang/NoSuchMethodError'{0x000000008b1b9250}: 'void java.lang.invoke.DirectMethodHandle$Holder.invokeStatic(java.lang.Object, java.lang.Object)'> (0x000000008b1b9250) 
thrown [s\src\hotspot\share\interpreter\linkResolver.cpp, line 784]
Event: 0.771 Thread 0x000002051e77e350 Exception <a 'java/lang/NoSuchMethodError'{0x000000008b00b0c0}: 'void java.lang.invoke.DirectMethodHandle$Holder.invokeInterface(java.lang.Object, java.lang.Object, java.lang.Object)'> (0x000000008b00b0c0) 
thrown [s\src\hotspot\share\interpreter\linkResolver.cpp, line 784]
Event: 0.779 Thread 0x000002051e77e350 Exception <a 'java/lang/NoSuchMethodError'{0x000000008b050a10}: 'void java.lang.invoke.DirectMethodHandle$Holder.invokeVirtual(java.lang.Object, java.lang.Object)'> (0x000000008b050a10) 
thrown [s\src\hotspot\share\interpreter\linkResolver.cpp, line 784]
Event: 0.968 Thread 0x000002051e77e350 Exception <a 'java/lang/NoSuchMethodError'{0x000000008aff01c8}: 'void java.lang.invoke.DirectMethodHandle$Holder.invokeInterface(java.lang.Object, java.lang.Object)'> (0x000000008aff01c8) 
thrown [s\src\hotspot\share\interpreter\linkResolver.cpp, line 784]
Event: 1.025 Thread 0x000002051e77e350 Exception <a 'java/lang/NoSuchMethodError'{0x000000008ae629d8}: 'void java.lang.invoke.DirectMethodHandle$Holder.invokeStatic(java.lang.Object, java.lang.Object, java.lang.Object, java.lang.Object)'> (0x000000008ae629d8) 
thrown [s\src\hotspot\share\interpreter\linkResolver.cpp, line 784]

ZGC Phase Switch (0 events):
No events

VM Operations (8 events):
Event: 0.165 Executing VM operation: HandshakeAllThreads (Deoptimize)
Event: 0.165 Executing VM operation: HandshakeAllThreads (Deoptimize) done
Event: 0.176 Executing VM operation: HandshakeAllThreads (Deoptimize)
Event: 0.176 Executing VM operation: HandshakeAllThreads (Deoptimize) done
Event: 0.397 Executing VM operation: HandshakeAllThreads (Deoptimize)
Event: 0.397 Executing VM operation: HandshakeAllThreads (Deoptimize) done
Event: 1.014 Executing VM operation: ICBufferFull
Event: 1.015 Executing VM operation: ICBufferFull done

Memory protections (0 events):
No events

Nmethod flushes (0 events):
No events

Events (20 events):
Event: 0.016 Thread 0x0000020500541df0 Thread added: 0x0000020500541df0
Event: 0.093 Thread 0x0000020500541df0 Thread added: 0x000002051e075050
Event: 0.094 Thread 0x0000020500541df0 Thread added: 0x000002051e075e50
Event: 0.095 Thread 0x0000020500541df0 Thread added: 0x000002051e051c30
Event: 0.095 Thread 0x0000020500541df0 Thread added: 0x000002051e052770
Event: 0.095 Thread 0x0000020500541df0 Thread added: 0x000002051e0541d0
Event: 0.095 Thread 0x0000020500541df0 Thread added: 0x000002051e05d370
Event: 0.095 Thread 0x0000020500541df0 Thread added: 0x000002051e05e220
Event: 0.095 Thread 0x0000020500541df0 Thread added: 0x000002051e081a50
Event: 0.131 Thread 0x0000020500541df0 Thread added: 0x000002051e20edb0
Event: 0.138 Thread 0x0000020500541df0 Thread added: 0x000002051e21bba0
Event: 0.147 Loaded shared library E:\android studio\jbr\bin\net.dll
Event: 0.149 Loaded shared library E:\android studio\jbr\bin\nio.dll
Event: 0.160 Loaded shared library E:\android studio\jbr\bin\zip.dll
Event: 0.244 Loaded shared library E:\android studio\jbr\bin\jimage.dll
Event: 0.691 Loaded shared library E:\android studio\jbr\bin\extnet.dll
Event: 0.696 Thread 0x0000020500541df0 Thread added: 0x000002051e6ee6e0
Event: 0.769 Thread 0x000002051e6ee6e0 Thread added: 0x000002051e77e350
Event: 0.787 Thread 0x000002051e6ee6e0 Thread added: 0x000002051e790370
Event: 0.883 Thread 0x000002051e081a50 Thread added: 0x000002051e826ff0


Dynamic libraries:
0x00007ff6be3e0000 - 0x00007ff6be3ea000 	E:\android studio\jbr\bin\java.exe
0x00007ffc68f70000 - 0x00007ffc69187000 	C:\WINDOWS\SYSTEM32\ntdll.dll
0x00007ffc68190000 - 0x00007ffc68254000 	C:\WINDOWS\System32\KERNEL32.DLL
0x00007ffc66670000 - 0x00007ffc66a43000 	C:\WINDOWS\System32\KERNELBASE.dll
0x00007ffc66280000 - 0x00007ffc66391000 	C:\WINDOWS\System32\ucrtbase.dll
0x00007ffc2a570000 - 0x00007ffc2a58b000 	E:\android studio\jbr\bin\VCRUNTIME140.dll
0x00007ffc4b8c0000 - 0x00007ffc4b8d8000 	E:\android studio\jbr\bin\jli.dll
0x00007ffc66e70000 - 0x00007ffc67021000 	C:\WINDOWS\System32\USER32.dll
0x00007ffc66250000 - 0x00007ffc66276000 	C:\WINDOWS\System32\win32u.dll
0x00007ffc4fdc0000 - 0x00007ffc5005b000 	C:\WINDOWS\WinSxS\amd64_microsoft.windows.common-controls_6595b64144ccf1df_6.0.22621.5262_none_2712bde373830908\COMCTL32.dll
0x00007ffc68c60000 - 0x00007ffc68c89000 	C:\WINDOWS\System32\GDI32.dll
0x00007ffc67100000 - 0x00007ffc671a7000 	C:\WINDOWS\System32\msvcrt.dll
0x00007ffc66ad0000 - 0x00007ffc66bf2000 	C:\WINDOWS\System32\gdi32full.dll
0x00007ffc66510000 - 0x00007ffc665aa000 	C:\WINDOWS\System32\msvcp_win.dll
0x00007ffc68260000 - 0x00007ffc68291000 	C:\WINDOWS\System32\IMM32.DLL
0x00007ffc4b6f0000 - 0x00007ffc4b6fc000 	E:\android studio\jbr\bin\vcruntime140_1.dll
0x00007ffc226d0000 - 0x00007ffc2275d000 	E:\android studio\jbr\bin\msvcp140.dll
0x00007ffbc6b80000 - 0x00007ffbc780a000 	E:\android studio\jbr\bin\server\jvm.dll
0x00007ffc685a0000 - 0x00007ffc68651000 	C:\WINDOWS\System32\ADVAPI32.dll
0x00007ffc676e0000 - 0x00007ffc67787000 	C:\WINDOWS\System32\sechost.dll
0x00007ffc66220000 - 0x00007ffc66248000 	C:\WINDOWS\System32\bcrypt.dll
0x00007ffc67550000 - 0x00007ffc67664000 	C:\WINDOWS\System32\RPCRT4.dll
0x00007ffc68490000 - 0x00007ffc68501000 	C:\WINDOWS\System32\WS2_32.dll
0x00007ffc58810000 - 0x00007ffc5881a000 	C:\WINDOWS\SYSTEM32\VERSION.dll
0x00007ffc65f30000 - 0x00007ffc65f7d000 	C:\WINDOWS\SYSTEM32\POWRPROF.dll
0x00007ffc63b80000 - 0x00007ffc63bb4000 	C:\WINDOWS\SYSTEM32\WINMM.dll
0x00007ffc65f10000 - 0x00007ffc65f23000 	C:\WINDOWS\SYSTEM32\UMPDC.dll
0x00007ffc650a0000 - 0x00007ffc650b8000 	C:\WINDOWS\SYSTEM32\kernel.appcore.dll
0x00007ffc2a560000 - 0x00007ffc2a56a000 	E:\android studio\jbr\bin\jimage.dll
0x00007ffc638c0000 - 0x00007ffc63af2000 	C:\WINDOWS\SYSTEM32\DBGHELP.DLL
0x00007ffc671b0000 - 0x00007ffc67543000 	C:\WINDOWS\System32\combase.dll
0x00007ffc68ae0000 - 0x00007ffc68bb7000 	C:\WINDOWS\System32\OLEAUT32.dll
0x00007ffc63b40000 - 0x00007ffc63b72000 	C:\WINDOWS\SYSTEM32\dbgcore.DLL
0x00007ffc66060000 - 0x00007ffc660db000 	C:\WINDOWS\System32\bcryptPrimitives.dll
0x00007ffc2a540000 - 0x00007ffc2a560000 	E:\android studio\jbr\bin\java.dll
0x00007ffc2a520000 - 0x00007ffc2a538000 	E:\android studio\jbr\bin\zip.dll
0x00007ffc67790000 - 0x00007ffc6802d000 	C:\WINDOWS\System32\SHELL32.dll
0x00007ffc660e0000 - 0x00007ffc6621f000 	C:\WINDOWS\System32\wintypes.dll
0x00007ffc63fa0000 - 0x00007ffc648bd000 	C:\WINDOWS\SYSTEM32\windows.storage.dll
0x00007ffc68d10000 - 0x00007ffc68e1b000 	C:\WINDOWS\System32\SHCORE.dll
0x00007ffc67090000 - 0x00007ffc670f6000 	C:\WINDOWS\System32\shlwapi.dll
0x00007ffc65f90000 - 0x00007ffc65fbb000 	C:\WINDOWS\SYSTEM32\profapi.dll
0x00007ffc22380000 - 0x00007ffc22390000 	E:\android studio\jbr\bin\net.dll
0x00007ffc5dc10000 - 0x00007ffc5dd3c000 	C:\WINDOWS\SYSTEM32\WINHTTP.dll
0x00007ffc65520000 - 0x00007ffc6558a000 	C:\WINDOWS\system32\mswsock.dll
0x00007ffc22360000 - 0x00007ffc22376000 	E:\android studio\jbr\bin\nio.dll
0x00007ffc65770000 - 0x00007ffc6578b000 	C:\WINDOWS\SYSTEM32\CRYPTSP.dll
0x00007ffc65000000 - 0x00007ffc65037000 	C:\WINDOWS\system32\rsaenh.dll
0x00007ffc65610000 - 0x00007ffc65638000 	C:\WINDOWS\SYSTEM32\USERENV.dll
0x00007ffc65790000 - 0x00007ffc6579c000 	C:\WINDOWS\SYSTEM32\CRYPTBASE.dll
0x00007ffc64b20000 - 0x00007ffc64b4d000 	C:\WINDOWS\SYSTEM32\IPHLPAPI.DLL
0x00007ffc68bd0000 - 0x00007ffc68bd9000 	C:\WINDOWS\System32\NSI.dll
0x00007ffbfb470000 - 0x00007ffbfb478000 	C:\WINDOWS\system32\wshunix.dll
0x00007ffc22300000 - 0x00007ffc22309000 	E:\android studio\jbr\bin\extnet.dll

dbghelp: loaded successfully - version: 4.0.5 - missing functions: none
symbol engine: initialized successfully - sym options: 0x614 - pdb path: .;E:\android studio\jbr\bin;C:\WINDOWS\SYSTEM32;C:\WINDOWS\WinSxS\amd64_microsoft.windows.common-controls_6595b64144ccf1df_6.0.22621.5262_none_2712bde373830908;E:\android studio\jbr\bin\server

VM Arguments:
java_command: git4idea.http.GitAskPassApp Username for 'https://github.com': 
java_class_path (initial): E:/android studio/plugins/vcs-git/lib/git4idea-rt.jar;E:/android studio/lib/externalProcess-rt.jar
Launcher Type: SUN_STANDARD

[Global flags]
     intx CICompilerCount                          = 4                                         {product} {ergonomic}
     uint ConcGCThreads                            = 2                                         {product} {ergonomic}
     uint G1ConcRefinementThreads                  = 8                                         {product} {ergonomic}
   size_t G1HeapRegionSize                         = 1048576                                   {product} {ergonomic}
    uintx GCDrainStackTargetSize                   = 64                                        {product} {ergonomic}
   size_t InitialHeapSize                          = 130023424                                 {product} {ergonomic}
   size_t MarkStackSize                            = 4194304                                   {product} {ergonomic}
   size_t MaxHeapSize                              = 2080374784                                {product} {ergonomic}
   size_t MaxNewSize                               = 1247805440                                {product} {ergonomic}
   size_t MinHeapDeltaBytes                        = 1048576                                   {product} {ergonomic}
   size_t MinHeapSize                              = 8388608                                   {product} {ergonomic}
    uintx NonNMethodCodeHeapSize                   = 5839372                                {pd product} {ergonomic}
    uintx NonProfiledCodeHeapSize                  = 122909434                              {pd product} {ergonomic}
    uintx ProfiledCodeHeapSize                     = 122909434                              {pd product} {ergonomic}
    uintx ReservedCodeCacheSize                    = 251658240                              {pd product} {ergonomic}
     bool SegmentedCodeCache                       = true                                      {product} {ergonomic}
   size_t SoftMaxHeapSize                          = 2080374784                             {manageable} {ergonomic}
     bool UseCompressedOops                        = true                           {product lp64_product} {ergonomic}
     bool UseG1GC                                  = true                                      {product} {ergonomic}
     bool UseLargePagesIndividualAllocation        = false                                  {pd product} {ergonomic}

Logging:
Log output configuration:
 #0: stdout all=warning uptime,level,tags foldmultilines=false
 #1: stderr all=off uptime,level,tags foldmultilines=false

Environment Variables:
JAVA_HOME=E:\Download
PATH=C:/Program Files/Git/mingw64/libexec/git-core;C:/Program Files/Git/mingw64/libexec/git-core;C:\Program Files\Git\mingw64\bin;C:\Program Files\Git\usr\bin;C:\Users\admin\bin;C:\Program Files (x86)\Common Files\Oracle\Java\java8path;C:\Program Files\Common Files\Oracle\Java\javapath;C:\Program Files (x86)\Common Files\Oracle\Java\javapath;C:\Program Files\Microsoft MPI\Bin\;C:\Windows\system32;C:\Windows;C:\Windows\System32\Wbem;C:\Windows\System32\WindowsPowerShell\v1.0\;C:\Windows\System32\OpenSSH\;E:\java\bin;C:\Program Files\dotnet\;C:\Program Files\Microsoft SQL Server\150\Tools\Binn\;E:\matlab\MATLAB\R2018b\runtime\win64;E:\matlab\MATLAB\R2018b\bin;C:\WINDOWS\system32;C:\WINDOWS;C:\WINDOWS\System32\Wbem;C:\WINDOWS\System32\WindowsPowerShell\v1.0\;C:\WINDOWS\System32\OpenSSH\;C:\Program Files (x86)\Microsoft SQL Server\160\Tools\Binn\;C:\Program Files\Microsoft SQL Server\160\Tools\Binn\;C:\Program Files\Microsoft SQL Server\Client SDK\ODBC\170\Tools\Binn\;C:\Program Files\Microsoft SQL Server\160\DTS\Binn\;E:\Download\bin;C:\Users\admin\AppData\Local\Programs\Microsoft VS Code\bin;C:\intelFPGA_lite\18.1\nios2eds\bin\gnu\H-x86_64-mingw32\bin;E:\NI_Myrio\Shared\LabVIEW CLI;C:\Program Files (x86)\IVI Foundation\VISA\WinNT\Bin\;C:\Program Files\IVI Foundation\VISA\Win64\Bin\;C:\Program Files (x86)\IVI Foundation\VISA\WinNT\Bin;C:\Program Files\Git\cmd;C:\intelFPGA_lite\18.1\nios2eds\bin\gnu\H-x86_64-mingw32\bin
USERNAME=admin
DISPLAY=:0.0
LC_ALL=en_US.UTF-8
TERM=xterm-256color
TMPDIR=C:\Users\admin\AppData\Local\Temp
OS=Windows_NT
PROCESSOR_IDENTIFIER=Intel64 Family 6 Model 140 Stepping 2, GenuineIntel
TMP=C:\Users\admin\AppData\Local\Temp
TEMP=C:\Users\admin\AppData\Local\Temp




Periodic native trim disabled

JNI global refs:
JNI global refs: 20, weak refs: 0

JNI global refs memory usage: 835, weak refs: 833

Process memory usage:
Resident Set Size: 84720K (1% of 8125216K total physical memory with 374712K free physical memory)

OOME stack traces (most recent first):
Classloader memory used:
Loader bootstrap                                                                       : 15101K
Loader jdk.internal.loader.ClassLoaders$PlatformClassLoader                            : 1781K
Loader jdk.internal.loader.ClassLoaders$AppClassLoader                                 : 16448B

---------------  S Y S T E M  ---------------

OS:
 Windows 11 , 64 bit Build 22621 (10.0.22621.5262)
OS uptime: 0 days 3:06 hours

CPU: total 8 (initial active 8) (4 cores per cpu, 2 threads per core) family 6 model 140 stepping 2 microcode 0x16, cx8, cmov, fxsr, ht, mmx, 3dnowpref, sse, sse2, sse3, ssse3, sse4.1, sse4.2, popcnt, lzcnt, tsc, tscinvbit, avx, avx2, aes, erms, clmul, bmi1, bmi2, adx, avx512f, avx512dq, avx512cd, avx512bw, avx512vl, sha, fma, vzeroupper, avx512_vpopcntdq, avx512_vpclmulqdq, avx512_vaes, avx512_vnni, clflush, clflushopt, clwb, avx512_vbmi2, avx512_vbmi, rdtscp, rdpid, fsrm, gfni, avx512_bitalg, f16c, pku, cet_ibt, cet_ss, avx512_ifma
Processor Information for all 8 processors :
  Max Mhz: 2496, Current Mhz: 2496, Mhz Limit: 2496

Memory: 4k page, system-wide physical 7934M (366M free)
TotalPageFile size 25642M (AvailPageFile size 7M)
current process WorkingSet (physical memory assigned to process): 82M, peak: 83M
current process commit charge ("private bytes"): 230M, peak: 232M

vm_info: OpenJDK 64-Bit Server VM (21.0.5+-13047016-b750.29) for windows-amd64 JRE (21.0.5+-13047016-b750.29), built on 2025-02-11T21:12:39Z by "builder" with MS VC++ 16.10 / 16.11 (VS2019)

END.
